<?xml version="1.0" encoding="UTF-8" ?>
<testsuites>
  <testsuite errors="0" failures="0" hostname="mac" id="0" name="JUnit Jupiter" package="" skipped="0" tests="104" time="5.89" timestamp="2025-06-17T21:46:59">
    <properties>
[...]
</properties>

    <testcase classname="utility.ConditionTest$StaticMethods" name="testStaticAnd_BothTrue()" time="0">
      <system-out><![CDATA[
unique-id: [engine:junit-jupiter]/[class:utility.ConditionTest]/[nested-class:StaticMethods]/[method:testStaticAnd_BothTrue()]
display-name: static and returns true if both conditions are true
]]></system-out>

    </testcase>

    <testcase classname="mvc.ControllerTest" name="testMouseReleased()" time="0.04">
      <system-out><![CDATA[
unique-id: [engine:junit-jupiter]/[class:mvc.ControllerTest]/[method:testMouseReleased()]
display-name: mouseReleased resets default cursor and updates points
]]></system-out>

    </testcase>

    <testcase classname="pane.PaneModelTest" name="testConstructorWithBufferedImage()" time="0.003">
      <system-out><![CDATA[
unique-id: [engine:junit-jupiter]/[class:pane.PaneModelTest]/[method:testConstructorWithBufferedImage()]
display-name: Constructor with BufferedImage sets the provided image to picture
]]></system-out>

    </testcase>

    <testcase classname="pane.PaneViewTest" name="testScrollBy()" time="0.004">
      <system-out><![CDATA[
unique-id: [engine:junit-jupiter]/[class:pane.PaneViewTest]/[method:testScrollBy()]
display-name: scrollBy() does nothing
]]></system-out>

    </testcase>

    <testcase classname="pane.PaneViewTest" name="testConvertViewPointToModelPoint()" time="0.006">
      <system-out><![CDATA[
unique-id: [engine:junit-jupiter]/[class:pane.PaneViewTest]/[method:testConvertViewPointToModelPoint()]
display-name: convertViewPointToModelPoint() converts view coordinates to model coordinates
]]></system-out>

    </testcase>

    <testcase classname="mvc.ControllerTest" name="testScrollByOnlyCurrentView()" time="0.001">
      <system-out><![CDATA[
unique-id: [engine:junit-jupiter]/[class:mvc.ControllerTest]/[method:testScrollByOnlyCurrentView()]
display-name: scrollBy scrolls current view relatively and repaints when no shift key
]]></system-out>

    </testcase>

    <testcase classname="utility.ConditionTest$InstanceMethods" name="testWhileTrue_InitiallyFalse()" time="0.002">
      <system-out><![CDATA[
unique-id: [engine:junit-jupiter]/[class:utility.ConditionTest]/[nested-class:InstanceMethods]/[method:testWhileTrue_InitiallyFalse()]
display-name: whileTrue does not execute loop body if condition is initially false
]]></system-out>

    </testcase>

    <testcase classname="pane.PaneViewTest" name="testConvertViewPointToPicturePoint()" time="0.006">
      <system-out><![CDATA[
unique-id: [engine:junit-jupiter]/[class:pane.PaneViewTest]/[method:testConvertViewPointToPicturePoint()]
display-name: convertViewPointToPicturePoint() converts view coordinates to picture coordinates
]]></system-out>

    </testcase>

    <testcase classname="pane.PaneViewTest" name="testConstructor()" time="0.002">
      <system-out><![CDATA[
unique-id: [engine:junit-jupiter]/[class:pane.PaneViewTest]/[method:testConstructor()]
display-name: Constructor initializes originPoint and scaleFactor
]]></system-out>

    </testcase>

    <testcase classname="utility.ConditionTest$InstanceMethods" name="testOr_SecondTrue()" time="0">
      <system-out><![CDATA[
unique-id: [engine:junit-jupiter]/[class:utility.ConditionTest]/[nested-class:InstanceMethods]/[method:testOr_SecondTrue()]
display-name: or returns true if second condition is true
]]></system-out>

    </testcase>

    <testcase classname="pane.PaneControllerTest" name="testMouseClickedNullPoint()" time="0.265">
      <system-out><![CDATA[
unique-id: [engine:junit-jupiter]/[class:pane.PaneControllerTest]/[method:testMouseClickedNullPoint()]
display-name: mouseClicked() does nothing if convertViewPointToPicturePoint returns null
]]></system-out>

    </testcase>

    <testcase classname="utility.ConditionTest$InstanceMethods" name="testIfThenElse_FalseCondition()" time="0">
      <system-out><![CDATA[
unique-id: [engine:junit-jupiter]/[class:utility.ConditionTest]/[nested-class:InstanceMethods]/[method:testIfThenElse_FalseCondition()]
display-name: ifThenElse executes elsePassage when condition is false
]]></system-out>

    </testcase>

    <testcase classname="pane.PaneModelTest" name="testMouseDragged()" time="0.001">
      <system-out><![CDATA[
unique-id: [engine:junit-jupiter]/[class:pane.PaneModelTest]/[method:testMouseDragged()]
display-name: mouseDragged() prints the dragged point to System.out
]]></system-out>

    </testcase>

    <testcase classname="pane.PaneControllerTest" name="testGetView()" time="0.001">
      <system-out><![CDATA[
unique-id: [engine:junit-jupiter]/[class:pane.PaneControllerTest]/[method:testGetView()]
display-name: getView() returns the associated PaneView
]]></system-out>

    </testcase>

    <testcase classname="pane.PaneControllerTest" name="testMouseClicked()" time="0.003">
      <system-out><![CDATA[
unique-id: [engine:junit-jupiter]/[class:pane.PaneControllerTest]/[method:testMouseClicked()]
display-name: mouseClicked() calls convertViewPointToPicturePoint and then mouseClicked on model
]]></system-out>

    </testcase>

    <testcase classname="mvc.ControllerTest" name="testMouseWheelMovedVerticalScroll()" time="0.006">
      <system-out><![CDATA[
unique-id: [engine:junit-jupiter]/[class:mvc.ControllerTest]/[method:testMouseWheelMovedVerticalScroll()]
display-name: mouseWheelMoved scrolls vertically and repaints view
]]></system-out>

    </testcase>

    <testcase classname="mvc.ViewTest" name="testUpdate()" time="0.005">
      <system-out><![CDATA[
unique-id: [engine:junit-jupiter]/[class:mvc.ViewTest]/[method:testUpdate()]
display-name: update() calls repaint on the full view area
]]></system-out>

    </testcase>

    <testcase classname="mvc.ModelTest" name="testChangedNotifiesDependents()" time="0.04">
      <system-out><![CDATA[
unique-id: [engine:junit-jupiter]/[class:mvc.ModelTest]/[method:testChangedNotifiesDependents()]
display-name: changed() notifies all dependent Views to update
]]></system-out>

    </testcase>

    <testcase classname="pane.PaneViewTest" name="testConvertModelPointToPicturePointWithOutOfRangeCoordinatesNegative()" time="0.005">
      <system-out><![CDATA[
unique-id: [engine:junit-jupiter]/[class:pane.PaneViewTest]/[method:testConvertModelPointToPicturePointWithOutOfRangeCoordinatesNegative()]
display-name: convertModelPointToPicturePoint() returns null if converted coordinates are out of bounds (negative)
]]></system-out>

    </testcase>

    <testcase classname="utility.ConditionTest$InstanceMethods" name="testWhileTrue()" time="0.002">
      <system-out><![CDATA[
unique-id: [engine:junit-jupiter]/[class:utility.ConditionTest]/[nested-class:InstanceMethods]/[method:testWhileTrue()]
display-name: whileTrue executes loop body while condition is true
]]></system-out>

    </testcase>

    <testcase classname="utility.ConditionTest$InstanceMethods" name="testAnd_SecondFalse()" time="0">
      <system-out><![CDATA[
unique-id: [engine:junit-jupiter]/[class:utility.ConditionTest]/[nested-class:InstanceMethods]/[method:testAnd_SecondFalse()]
display-name: and returns false if second condition is false
]]></system-out>

    </testcase>

    <testcase classname="utility.ConditionTest$InstanceMethods" name="testIfTrue_FalseCondition()" time="0">
      <system-out><![CDATA[
unique-id: [engine:junit-jupiter]/[class:utility.ConditionTest]/[nested-class:InstanceMethods]/[method:testIfTrue_FalseCondition()]
display-name: ifTrue does not execute action when condition is false
]]></system-out>

    </testcase>

    <testcase classname="pane.PaneViewTest" name="testScrollTo()" time="0.006">
      <system-out><![CDATA[
unique-id: [engine:junit-jupiter]/[class:pane.PaneViewTest]/[method:testScrollTo()]
display-name: scrollTo() does nothing
]]></system-out>

    </testcase>

    <testcase classname="utility.ConditionTest$SwitchTest" name="testEvaluate_NoMatchNoDefault()" time="0">
      <system-out><![CDATA[
unique-id: [engine:junit-jupiter]/[class:utility.ConditionTest]/[nested-class:SwitchTest]/[method:testEvaluate_NoMatchNoDefault()]
display-name: evaluate executes no action if no case matches and no default is set
]]></system-out>

    </testcase>

    <testcase classname="utility.ValueHolderTest" name="testToString()" time="0.002">
      <system-out><![CDATA[
unique-id: [engine:junit-jupiter]/[class:utility.ValueHolderTest]/[method:testToString()]
display-name: toString() returns a correct string representation
]]></system-out>

    </testcase>

    <testcase classname="utility.ValueHolderTest" name="testConstructorWithInitialValue()" time="0">
      <system-out><![CDATA[
unique-id: [engine:junit-jupiter]/[class:utility.ValueHolderTest]/[method:testConstructorWithInitialValue()]
display-name: Constructor with initial value sets the value correctly
]]></system-out>

    </testcase>

    <testcase classname="mvc.ControllerTest" name="testScrollByDependentViewsRelativeWithShift()" time="0.004">
      <system-out><![CDATA[
unique-id: [engine:junit-jupiter]/[class:mvc.ControllerTest]/[method:testScrollByDependentViewsRelativeWithShift()]
display-name: scrollBy scrolls all dependent views relatively with Shift key
]]></system-out>

    </testcase>

    <testcase classname="utility.ValueHolderTest" name="testSet()" time="0.001">
      <system-out><![CDATA[
unique-id: [engine:junit-jupiter]/[class:utility.ValueHolderTest]/[method:testSet()]
display-name: set() updates the value and returns the previous value
]]></system-out>

    </testcase>

    <testcase classname="utility.ConditionTest$StaticMethods" name="testStaticIfThen_FalseCondition()" time="0">
      <system-out><![CDATA[
unique-id: [engine:junit-jupiter]/[class:utility.ConditionTest]/[nested-class:StaticMethods]/[method:testStaticIfThen_FalseCondition()]
display-name: static ifThen does not execute thenPassage when condition is false
]]></system-out>

    </testcase>

    <testcase classname="utility.ConditionTest$InstanceMethods" name="testIfThen_FalseCondition()" time="0">
      <system-out><![CDATA[
unique-id: [engine:junit-jupiter]/[class:utility.ConditionTest]/[nested-class:InstanceMethods]/[method:testIfThen_FalseCondition()]
display-name: ifThen does not execute thenPassage when condition is false
]]></system-out>

    </testcase>

    <testcase classname="mvc.ViewTest" name="testScrollTo()" time="0.004">
      <system-out><![CDATA[
unique-id: [engine:junit-jupiter]/[class:mvc.ViewTest]/[method:testScrollTo()]
display-name: scrollTo() sets offset to the absolute given point
]]></system-out>

    </testcase>

    <testcase classname="utility.ConditionTest$StaticMethods" name="testStaticIfTrue_FalseCondition()" time="0">
      <system-out><![CDATA[
unique-id: [engine:junit-jupiter]/[class:utility.ConditionTest]/[nested-class:StaticMethods]/[method:testStaticIfTrue_FalseCondition()]
display-name: static ifTrue does not execute action when condition is false
]]></system-out>

    </testcase>

    <testcase classname="mvc.ControllerTest" name="testMousePressed()" time="0.003">
      <system-out><![CDATA[
unique-id: [engine:junit-jupiter]/[class:mvc.ControllerTest]/[method:testMousePressed()]
display-name: mousePressed sets crosshair cursor and updates points
]]></system-out>

    </testcase>

    <testcase classname="pane.PaneModelTest" name="testMouseClicked()" time="0.006">
      <system-out><![CDATA[
unique-id: [engine:junit-jupiter]/[class:pane.PaneModelTest]/[method:testMouseClicked()]
display-name: mouseClicked() prints the clicked point to System.out
]]></system-out>

    </testcase>

    <testcase classname="pane.PaneViewTest" name="testConvertModelPointToPicturePoint()" time="0.032">
      <system-out><![CDATA[
unique-id: [engine:junit-jupiter]/[class:pane.PaneViewTest]/[method:testConvertModelPointToPicturePoint()]
display-name: convertModelPointToPicturePoint() converts model coordinates to picture coordinates correctly
]]></system-out>

    </testcase>

    <testcase classname="utility.ConditionTest$SwitchTest" name="testEvaluate_FirstMatch()" time="0.003">
      <system-out><![CDATA[
unique-id: [engine:junit-jupiter]/[class:utility.ConditionTest]/[nested-class:SwitchTest]/[method:testEvaluate_FirstMatch()]
display-name: evaluate executes the first matching case
]]></system-out>

    </testcase>

    <testcase classname="utility.ValueHolderTest" name="testSetDo()" time="0.001">
      <system-out><![CDATA[
unique-id: [engine:junit-jupiter]/[class:utility.ValueHolderTest]/[method:testSetDo()]
display-name: setDo() updates the value using a provided function
]]></system-out>

    </testcase>

    <testcase classname="utility.ConditionTest$StaticMethods" name="testStaticOr_SecondTrue()" time="0">
      <system-out><![CDATA[
unique-id: [engine:junit-jupiter]/[class:utility.ConditionTest]/[nested-class:StaticMethods]/[method:testStaticOr_SecondTrue()]
display-name: static or returns true if second condition is true
]]></system-out>

    </testcase>

    <testcase classname="mvc.ControllerTest" name="testScrollByDependentViewsAbsoluteWithShiftAndModifier()" time="0.004">
      <system-out><![CDATA[
unique-id: [engine:junit-jupiter]/[class:mvc.ControllerTest]/[method:testScrollByDependentViewsAbsoluteWithShiftAndModifier()]
display-name: scrollBy scrolls all dependent views absolutely with Shift and Alt/Ctrl/Meta key
]]></system-out>

    </testcase>

    <testcase classname="utility.ConditionTest$StaticMethods" name="testStaticIfThen_TrueCondition()" time="0">
      <system-out><![CDATA[
unique-id: [engine:junit-jupiter]/[class:utility.ConditionTest]/[nested-class:StaticMethods]/[method:testStaticIfThen_TrueCondition()]
display-name: static ifThen executes thenPassage when condition is true
]]></system-out>

    </testcase>

    <testcase classname="pane.PaneViewTest" name="testInitialize()" time="0.003">
      <system-out><![CDATA[
unique-id: [engine:junit-jupiter]/[class:pane.PaneViewTest]/[method:testInitialize()]
display-name: initialize() resets originPoint and scaleFactor
]]></system-out>

    </testcase>

    <testcase classname="pane.PaneViewTest" name="testPaintComponentNullPicture()" time="0.008">
      <system-out><![CDATA[
unique-id: [engine:junit-jupiter]/[class:pane.PaneViewTest]/[method:testPaintComponentNullPicture()]
display-name: paintComponent() handles null picture gracefully
]]></system-out>

    </testcase>

    <testcase classname="utility.ConditionTest$StaticMethods" name="testStaticAnd_FirstFalse()" time="0">
      <system-out><![CDATA[
unique-id: [engine:junit-jupiter]/[class:utility.ConditionTest]/[nested-class:StaticMethods]/[method:testStaticAnd_FirstFalse()]
display-name: static and returns false if first condition is false
]]></system-out>

    </testcase>

    <testcase classname="mvc.ControllerTest" name="testMouseWheelMovedHorizontalScrollWithModifiers()" time="0.002">
      <system-out><![CDATA[
unique-id: [engine:junit-jupiter]/[class:mvc.ControllerTest]/[method:testMouseWheelMovedHorizontalScrollWithModifiers()]
display-name: mouseWheelMoved scrolls horizontally with modifiers and repaints view
]]></system-out>

    </testcase>

    <testcase classname="mvc.ModelTest" name="testPictureGetter()" time="0">
      <system-out><![CDATA[
unique-id: [engine:junit-jupiter]/[class:mvc.ModelTest]/[method:testPictureGetter()]
display-name: picture() returns the current BufferedImage
]]></system-out>

    </testcase>

    <testcase classname="utility.ConditionTest$InstanceMethods" name="testAnd_FirstFalse()" time="0">
      <system-out><![CDATA[
unique-id: [engine:junit-jupiter]/[class:utility.ConditionTest]/[nested-class:InstanceMethods]/[method:testAnd_FirstFalse()]
display-name: and returns false if first condition is false
]]></system-out>

    </testcase>

    <testcase classname="mvc.ControllerTest" name="testMouseClicked()" time="0.002">
      <system-out><![CDATA[
unique-id: [engine:junit-jupiter]/[class:mvc.ControllerTest]/[method:testMouseClicked()]
display-name: mouseClicked calculates and uses view's scrollAmount
]]></system-out>

    </testcase>

    <testcase classname="utility.ConditionTest$StaticMethods" name="testStaticIfThenElse_TrueCondition()" time="0">
      <system-out><![CDATA[
unique-id: [engine:junit-jupiter]/[class:utility.ConditionTest]/[nested-class:StaticMethods]/[method:testStaticIfThenElse_TrueCondition()]
display-name: static ifThenElse executes thenPassage when condition is true
]]></system-out>

    </testcase>

    <testcase classname="utility.ConditionTest$InstanceMethods" name="testOr_BothFalse()" time="0">
      <system-out><![CDATA[
unique-id: [engine:junit-jupiter]/[class:utility.ConditionTest]/[nested-class:InstanceMethods]/[method:testOr_BothFalse()]
display-name: or returns false if both conditions are false
]]></system-out>

    </testcase>

    <testcase classname="mvc.ViewTest" name="testPaintComponentNullImage()" time="0.009">
      <system-out><![CDATA[
unique-id: [engine:junit-jupiter]/[class:mvc.ViewTest]/[method:testPaintComponentNullImage()]
display-name: paintComponent handles null image in model gracefully (background painted, no image drawn)
]]></system-out>

    </testcase>

    <testcase classname="mvc.ControllerTest" name="testSetModel()" time="0.001">
      <system-out><![CDATA[
unique-id: [engine:junit-jupiter]/[class:mvc.ControllerTest]/[method:testSetModel()]
display-name: setModel sets the model
]]></system-out>

    </testcase>

    <testcase classname="utility.ConditionTest$CaseTest" name="testExecute()" time="0.002">
      <system-out><![CDATA[
unique-id: [engine:junit-jupiter]/[class:utility.ConditionTest]/[nested-class:CaseTest]/[method:testExecute()]
display-name: execute runs the associated action
]]></system-out>

    </testcase>

    <testcase classname="utility.ConditionTest$InstanceMethods" name="testIfThenElse_TrueCondition()" time="0.001">
      <system-out><![CDATA[
unique-id: [engine:junit-jupiter]/[class:utility.ConditionTest]/[nested-class:InstanceMethods]/[method:testIfThenElse_TrueCondition()]
display-name: ifThenElse executes thenPassage when condition is true
]]></system-out>

    </testcase>

    <testcase classname="utility.ConditionTest$CaseTest" name="testEvaluate_False()" time="0.001">
      <system-out><![CDATA[
unique-id: [engine:junit-jupiter]/[class:utility.ConditionTest]/[nested-class:CaseTest]/[method:testEvaluate_False()]
display-name: evaluate returns false if condition is false
]]></system-out>

    </testcase>

    <testcase classname="mvc.ViewTest" name="testPaintComponentDrawImage()" time="0.023">
      <system-out><![CDATA[
unique-id: [engine:junit-jupiter]/[class:mvc.ViewTest]/[method:testPaintComponentDrawImage()]
display-name: paintComponent draws image with offset when model and image exist
]]></system-out>

    </testcase>

    <testcase classname="pane.PaneModelTest" name="testConstructorWithStringPath()" time="0.007">
      <system-out><![CDATA[
unique-id: [engine:junit-jupiter]/[class:pane.PaneModelTest]/[method:testConstructorWithStringPath()]
display-name: Constructor with string path loads image and sets it to picture
]]></system-out>

    </testcase>

    <testcase classname="mvc.ViewTest" name="testToString()" time="0.02">
      <system-out><![CDATA[
unique-id: [engine:junit-jupiter]/[class:mvc.ViewTest]/[method:testToString()]
display-name: toString() returns a correct string representation
]]></system-out>

    </testcase>

    <testcase classname="mvc.ControllerTest" name="testSetView()" time="0.001">
      <system-out><![CDATA[
unique-id: [engine:junit-jupiter]/[class:mvc.ControllerTest]/[method:testSetView()]
display-name: setView sets the view and registers listeners
]]></system-out>

    </testcase>

    <testcase classname="mvc.ControllerTest" name="testToString()" time="0.007">
      <system-out><![CDATA[
unique-id: [engine:junit-jupiter]/[class:mvc.ControllerTest]/[method:testToString()]
display-name: toString() returns a correct string representation
]]></system-out>

    </testcase>

    <testcase classname="utility.ValueHolderTest" name="testDefaultConstructor()" time="0.001">
      <system-out><![CDATA[
unique-id: [engine:junit-jupiter]/[class:utility.ValueHolderTest]/[method:testDefaultConstructor()]
display-name: Default constructor initializes value to null
]]></system-out>

    </testcase>

    <testcase classname="utility.ConditionTest$SwitchTest" name="testEvaluate_OnlyFirstMatch()" time="0.001">
      <system-out><![CDATA[
unique-id: [engine:junit-jupiter]/[class:utility.ConditionTest]/[nested-class:SwitchTest]/[method:testEvaluate_OnlyFirstMatch()]
display-name: evaluate only executes the first matching case and stops
]]></system-out>

    </testcase>

    <testcase classname="mvc.ControllerTest" name="testMouseWheelMovedNoScroll()" time="0.001">
      <system-out><![CDATA[
unique-id: [engine:junit-jupiter]/[class:mvc.ControllerTest]/[method:testMouseWheelMovedNoScroll()]
display-name: mouseWheelMoved does nothing if scrollAmount is 0 (wheelRotation is 0)
]]></system-out>

    </testcase>

    <testcase classname="mvc.ModelTest" name="testPictureSetter()" time="0">
      <system-out><![CDATA[
unique-id: [engine:junit-jupiter]/[class:mvc.ModelTest]/[method:testPictureSetter()]
display-name: picture(BufferedImage) sets the BufferedImage
]]></system-out>

    </testcase>

    <testcase classname="utility.ConditionTest$StaticMethods" name="testStaticIfTrue_TrueCondition()" time="0.001">
      <system-out><![CDATA[
unique-id: [engine:junit-jupiter]/[class:utility.ConditionTest]/[nested-class:StaticMethods]/[method:testStaticIfTrue_TrueCondition()]
display-name: static ifTrue executes action when condition is true
]]></system-out>

    </testcase>

    <testcase classname="utility.ConditionTest$StaticMethods" name="testStaticIfFalse_FalseCondition()" time="0">
      <system-out><![CDATA[
unique-id: [engine:junit-jupiter]/[class:utility.ConditionTest]/[nested-class:StaticMethods]/[method:testStaticIfFalse_FalseCondition()]
display-name: static ifFalse executes action when condition is false
]]></system-out>

    </testcase>

    <testcase classname="mvc.ModelTest" name="testToString()" time="0.197">
      <system-out><![CDATA[
unique-id: [engine:junit-jupiter]/[class:mvc.ModelTest]/[method:testToString()]
display-name: toString() returns a correct string representation
]]></system-out>

    </testcase>

    <testcase classname="utility.ConditionTest$InstanceMethods" name="testOr_FirstTrue()" time="0">
      <system-out><![CDATA[
unique-id: [engine:junit-jupiter]/[class:utility.ConditionTest]/[nested-class:InstanceMethods]/[method:testOr_FirstTrue()]
display-name: or returns true if first condition is true
]]></system-out>

    </testcase>

    <testcase classname="utility.ConditionTest$StaticMethods" name="testStaticIfFalse_TrueCondition()" time="0.001">
      <system-out><![CDATA[
unique-id: [engine:junit-jupiter]/[class:utility.ConditionTest]/[nested-class:StaticMethods]/[method:testStaticIfFalse_TrueCondition()]
display-name: static ifFalse does not execute action when condition is true
]]></system-out>

    </testcase>

    <testcase classname="pane.PaneViewTest" name="testPaintComponentAdjustsImageScale()" time="0.008">
      <system-out><![CDATA[
unique-id: [engine:junit-jupiter]/[class:pane.PaneViewTest]/[method:testPaintComponentAdjustsImageScale()]
display-name: paintComponent() adjusts image scale to fit the view
]]></system-out>

    </testcase>

    <testcase classname="utility.ConditionTest$InstanceMethods" name="testIfElse_TrueCondition()" time="0.001">
      <system-out><![CDATA[
unique-id: [engine:junit-jupiter]/[class:utility.ConditionTest]/[nested-class:InstanceMethods]/[method:testIfElse_TrueCondition()]
display-name: ifElse does not execute elsePassage when condition is true
]]></system-out>

    </testcase>

    <testcase classname="pane.PaneModelTest" name="testDefaultConstructor()" time="0">
      <system-out><![CDATA[
unique-id: [engine:junit-jupiter]/[class:pane.PaneModelTest]/[method:testDefaultConstructor()]
display-name: Default constructor initializes picture to null
]]></system-out>

    </testcase>

    <testcase classname="utility.ConditionTest$StaticMethods" name="testStaticOr_FirstTrue()" time="0">
      <system-out><![CDATA[
unique-id: [engine:junit-jupiter]/[class:utility.ConditionTest]/[nested-class:StaticMethods]/[method:testStaticOr_FirstTrue()]
display-name: static or returns true if first condition is true
]]></system-out>

    </testcase>

    <testcase classname="utility.ConditionTest$StaticMethods" name="testStaticIfThenElse_FalseCondition()" time="0">
      <system-out><![CDATA[
unique-id: [engine:junit-jupiter]/[class:utility.ConditionTest]/[nested-class:StaticMethods]/[method:testStaticIfThenElse_FalseCondition()]
display-name: static ifThenElse executes elsePassage when condition is false
]]></system-out>

    </testcase>

    <testcase classname="utility.ConditionTest$SwitchTest" name="testEvaluate_NoMatch()" time="0">
      <system-out><![CDATA[
unique-id: [engine:junit-jupiter]/[class:utility.ConditionTest]/[nested-class:SwitchTest]/[method:testEvaluate_NoMatch()]
display-name: evaluate executes default case if no case matches
]]></system-out>

    </testcase>

    <testcase classname="utility.ConditionTest$InstanceMethods" name="testIfTrue_TrueCondition()" time="0">
      <system-out><![CDATA[
unique-id: [engine:junit-jupiter]/[class:utility.ConditionTest]/[nested-class:InstanceMethods]/[method:testIfTrue_TrueCondition()]
display-name: ifTrue executes action when condition is true
]]></system-out>

    </testcase>

    <testcase classname="mvc.ControllerTest" name="testMouseDragged()" time="0.003">
      <system-out><![CDATA[
unique-id: [engine:junit-jupiter]/[class:mvc.ControllerTest]/[method:testMouseDragged()]
display-name: mouseDragged calculates scroll difference, scrolls view, and repaints
]]></system-out>

    </testcase>

    <testcase classname="utility.ConditionTest$InstanceMethods" name="testIfFalse_TrueCondition()" time="0">
      <system-out><![CDATA[
unique-id: [engine:junit-jupiter]/[class:utility.ConditionTest]/[nested-class:InstanceMethods]/[method:testIfFalse_TrueCondition()]
display-name: ifFalse does not execute action when condition is true
]]></system-out>

    </testcase>

    <testcase classname="pane.PaneViewTest" name="testGetModel()" time="4.417">
      <system-out><![CDATA[
unique-id: [engine:junit-jupiter]/[class:pane.PaneViewTest]/[method:testGetModel()]
display-name: getModel() returns the associated PaneModel
]]></system-out>

    </testcase>

    <testcase classname="utility.ConditionTest$SwitchTest" name="testDefaultCasePlacement()" time="0">
      <system-out><![CDATA[
unique-id: [engine:junit-jupiter]/[class:utility.ConditionTest]/[nested-class:SwitchTest]/[method:testDefaultCasePlacement()]
display-name: defaultCase can be added at any point
]]></system-out>

    </testcase>

    <testcase classname="utility.ConditionTest$StaticMethods" name="testStaticIfElse_TrueCondition()" time="0">
      <system-out><![CDATA[
unique-id: [engine:junit-jupiter]/[class:utility.ConditionTest]/[nested-class:StaticMethods]/[method:testStaticIfElse_TrueCondition()]
display-name: static ifElse does not execute elsePassage when condition is true
]]></system-out>

    </testcase>

    <testcase classname="utility.ConditionTest$InstanceMethods" name="testAnd_BothTrue()" time="0">
      <system-out><![CDATA[
unique-id: [engine:junit-jupiter]/[class:utility.ConditionTest]/[nested-class:InstanceMethods]/[method:testAnd_BothTrue()]
display-name: and returns true if both conditions are true
]]></system-out>

    </testcase>

    <testcase classname="mvc.ViewTest" name="testConstructorWithModel()" time="0.005">
      <system-out><![CDATA[
unique-id: [engine:junit-jupiter]/[class:mvc.ViewTest]/[method:testConstructorWithModel()]
display-name: Constructor with Model initializes correctly and creates Controller
]]></system-out>

    </testcase>

    <testcase classname="utility.ConditionTest$InstanceMethods" name="testIfElse_FalseCondition()" time="0.001">
      <system-out><![CDATA[
unique-id: [engine:junit-jupiter]/[class:utility.ConditionTest]/[nested-class:InstanceMethods]/[method:testIfElse_FalseCondition()]
display-name: ifElse executes elsePassage when condition is false
]]></system-out>

    </testcase>

    <testcase classname="pane.PaneControllerTest" name="testMouseDraggedNullPoint()" time="0.009">
      <system-out><![CDATA[
unique-id: [engine:junit-jupiter]/[class:pane.PaneControllerTest]/[method:testMouseDraggedNullPoint()]
display-name: mouseDragged() does nothing if convertViewPointToPicturePoint returns null
]]></system-out>

    </testcase>

    <testcase classname="utility.ConditionTest$StaticMethods" name="testStaticIfElse_FalseCondition()" time="0">
      <system-out><![CDATA[
unique-id: [engine:junit-jupiter]/[class:utility.ConditionTest]/[nested-class:StaticMethods]/[method:testStaticIfElse_FalseCondition()]
display-name: static ifElse executes elsePassage when condition is false
]]></system-out>

    </testcase>

    <testcase classname="mvc.ModelTest" name="testAddDependent()" time="0.029">
      <system-out><![CDATA[
unique-id: [engine:junit-jupiter]/[class:mvc.ModelTest]/[method:testAddDependent()]
display-name: addDependent adds a View to the dependents list
]]></system-out>

    </testcase>

    <testcase classname="pane.PaneViewTest" name="testPaintComponent()" time="0.234">
      <system-out><![CDATA[
unique-id: [engine:junit-jupiter]/[class:pane.PaneViewTest]/[method:testPaintComponent()]
display-name: paintComponent() draws background, scales and draws image
]]></system-out>

    </testcase>

    <testcase classname="pane.PaneViewTest" name="testConvertModelPointToPicturePointWithNullImage()" time="0.008">
      <system-out><![CDATA[
unique-id: [engine:junit-jupiter]/[class:pane.PaneViewTest]/[method:testConvertModelPointToPicturePointWithNullImage()]
display-name: convertModelPointToPicturePoint() returns null if model's picture is null
]]></system-out>

    </testcase>

    <testcase classname="mvc.ControllerTest" name="testConstructorInitialization()" time="0.007">
      <system-out><![CDATA[
unique-id: [engine:junit-jupiter]/[class:mvc.ControllerTest]/[method:testConstructorInitialization()]
display-name: Constructor initializes members to null
]]></system-out>

    </testcase>

    <testcase classname="utility.ConditionTest$StaticMethods" name="testStaticAnd_SecondFalse()" time="0">
      <system-out><![CDATA[
unique-id: [engine:junit-jupiter]/[class:utility.ConditionTest]/[nested-class:StaticMethods]/[method:testStaticAnd_SecondFalse()]
display-name: static and returns false if second condition is false
]]></system-out>

    </testcase>

    <testcase classname="utility.ConditionTest$InstanceMethods" name="testIfFalse_FalseCondition()" time="0">
      <system-out><![CDATA[
unique-id: [engine:junit-jupiter]/[class:utility.ConditionTest]/[nested-class:InstanceMethods]/[method:testIfFalse_FalseCondition()]
display-name: ifFalse executes action when condition is false
]]></system-out>

    </testcase>

    <testcase classname="utility.ConditionTest$StaticMethods" name="testStaticOr_BothFalse()" time="0">
      <system-out><![CDATA[
unique-id: [engine:junit-jupiter]/[class:utility.ConditionTest]/[nested-class:StaticMethods]/[method:testStaticOr_BothFalse()]
display-name: static or returns false if both conditions are false
]]></system-out>

    </testcase>

    <testcase classname="mvc.ModelTest" name="testConstructorInitialization()" time="0.002">
      <system-out><![CDATA[
unique-id: [engine:junit-jupiter]/[class:mvc.ModelTest]/[method:testConstructorInitialization()]
display-name: Constructor initializes dependents and picture correctly
]]></system-out>

    </testcase>

    <testcase classname="utility.ConditionTest$CaseTest" name="testEvaluate_True()" time="0">
      <system-out><![CDATA[
unique-id: [engine:junit-jupiter]/[class:utility.ConditionTest]/[nested-class:CaseTest]/[method:testEvaluate_True()]
display-name: evaluate returns true if condition is true
]]></system-out>

    </testcase>

    <testcase classname="utility.ConditionTest$InstanceMethods" name="testIfThen_TrueCondition()" time="0">
      <system-out><![CDATA[
unique-id: [engine:junit-jupiter]/[class:utility.ConditionTest]/[nested-class:InstanceMethods]/[method:testIfThen_TrueCondition()]
display-name: ifThen executes thenPassage when condition is true
]]></system-out>

    </testcase>

    <testcase classname="mvc.ViewTest" name="testScrollBy()" time="0.003">
      <system-out><![CDATA[
unique-id: [engine:junit-jupiter]/[class:mvc.ViewTest]/[method:testScrollBy()]
display-name: scrollBy() adjusts offset relative to current offset
]]></system-out>

    </testcase>

    <testcase classname="mvc.ViewTest" name="testConstructorWithModelAndController()" time="0.008">
      <system-out><![CDATA[
unique-id: [engine:junit-jupiter]/[class:mvc.ViewTest]/[method:testConstructorWithModelAndController()]
display-name: Constructor with Model and Controller initializes correctly
]]></system-out>

    </testcase>

    <testcase classname="utility.ValueHolderTest" name="testGet()" time="0.035">
      <system-out><![CDATA[
unique-id: [engine:junit-jupiter]/[class:utility.ValueHolderTest]/[method:testGet()]
display-name: get() returns the held value
]]></system-out>

    </testcase>

    <testcase classname="pane.PaneViewTest" name="testScrollAmount()" time="0.004">
      <system-out><![CDATA[
unique-id: [engine:junit-jupiter]/[class:pane.PaneViewTest]/[method:testScrollAmount()]
display-name: scrollAmount() always returns (0, 0)
]]></system-out>

    </testcase>

    <testcase classname="mvc.ViewTest" name="testScrollAmount()" time="0.003">
      <system-out><![CDATA[
unique-id: [engine:junit-jupiter]/[class:mvc.ViewTest]/[method:testScrollAmount()]
display-name: scrollAmount() returns the inverse of internal offset
]]></system-out>

    </testcase>

    <testcase classname="pane.PaneViewTest" name="testPaintComponentNullModel()" time="0.01">
      <system-out><![CDATA[
unique-id: [engine:junit-jupiter]/[class:pane.PaneViewTest]/[method:testPaintComponentNullModel()]
display-name: paintComponent() handles null model gracefully
]]></system-out>

    </testcase>

    <testcase classname="mvc.ViewTest" name="testPaintComponentNullModel()" time="0.002">
      <system-out><![CDATA[
unique-id: [engine:junit-jupiter]/[class:mvc.ViewTest]/[method:testPaintComponentNullModel()]
display-name: paintComponent handles null model gracefully (background painted, no image drawn)
]]></system-out>

    </testcase>

    <testcase classname="pane.PaneViewTest" name="testConvertModelPointToPicturePointWithOutOfRangeCoordinatesPositive()" time="0.005">
      <system-out><![CDATA[
unique-id: [engine:junit-jupiter]/[class:pane.PaneViewTest]/[method:testConvertModelPointToPicturePointWithOutOfRangeCoordinatesPositive()]
display-name: convertModelPointToPicturePoint() returns null if converted coordinates are out of bounds (exceeds image dimensions)
]]></system-out>

    </testcase>

    <testcase classname="pane.PaneControllerTest" name="testMouseDragged()" time="0.007">
      <system-out><![CDATA[
unique-id: [engine:junit-jupiter]/[class:pane.PaneControllerTest]/[method:testMouseDragged()]
display-name: mouseDragged() calls convertViewPointToPicturePoint and then mouseDragged on model
]]></system-out>

    </testcase>

    <system-out><![CDATA[
unique-id: [engine:junit-jupiter]
display-name: JUnit Jupiter
]]></system-out>

  </testsuite>
</testsuites>
